<?xml version="1.0" encoding="UTF-8"?>
<!-- Generated by org.testng.reporters.JUnitXMLReporter -->
<testsuite hostname="DESKTOP-598O4S4" ignored="0" name="regression Test" tests="5" failures="0" timestamp="2022-12-13T17:07:25 GMT" time="72.413" errors="0">
  <testcase name="verifyThatTheProductAddedSuccessfullyAndPlaceOrderSuccessfully" time="21.878" classname="com.nopcommerce.demo.testsuite.CellPhonePageTest"/>
  <testcase name="verifyProductAddedToShoppingCartSuccessFully" time="26.902" classname="com.nopcommerce.demo.testsuite.DesktopPageTest"/>
  <testcase name="verifyProductArrangeInAlphaBaticalOrder" time="1.303" classname="com.nopcommerce.demo.testsuite.DesktopPageTest"/>
  <testcase name="verifyPageNavigation" time="1.134" classname="com.nopcommerce.demo.testsuite.HomePageTest"/>
  <testcase name="verifyUserShouldNavigateToCellPhonesPageSuccessfully" time="1.044" classname="com.nopcommerce.demo.testsuite.HomePageTest"/>
</testsuite> <!-- regression Test -->
