<?xml version="1.0" encoding="UTF-8"?>
<testsuite name="regression Test"
           tests="2"
           failures="0"
           errors="0"
           skipped="0"
           time="28.205">
  <properties />
  
  
            <testcase name="verifyProductArrangeInAlphaBaticalOrder" time="1.303" classname="com.nopcommerce.demo.testsuite.DesktopPageTest" />
                <testcase name="verifyProductAddedToShoppingCartSuccessFully" time="26.902" classname="com.nopcommerce.demo.testsuite.DesktopPageTest" />
      
</testsuite>
