<?xml version="1.0" encoding="UTF-8"?>
<testng-results skipped="0" failed="0" ignored="0" total="5" passed="5">
  <reporter-output>
    <line>
      <![CDATA[on Electronics tab[[ChromeDriver: chrome on WINDOWS (3aa695e170accbff6734dcb8ac7ead97)] -> xpath: //body/div[6]/div[2]/ul[1]/li[2]/a[1]]]]>
    </line>
    <line>
      <![CDATA[click on Cell Phone[[ChromeDriver: chrome on WINDOWS (3aa695e170accbff6734dcb8ac7ead97)] -> xpath: //body/div[6]/div[2]/ul[1]/li[2]/ul[1]/li[2]/a[1]]]]>
    </line>
    <line>
      <![CDATA[verify text Cell Phone[[ChromeDriver: chrome on WINDOWS (3aa695e170accbff6734dcb8ac7ead97)] -> xpath: //h1[contains(text(),'Cell phones')]]]]>
    </line>
    <line>
      <![CDATA[clikc on listview of cellphone[[ChromeDriver: chrome on WINDOWS (3aa695e170accbff6734dcb8ac7ead97)] -> xpath: //a[contains(text(),'List')]]]]>
    </line>
    <line>
      <![CDATA[click on nokia lumia product[[ChromeDriver: chrome on WINDOWS (3aa695e170accbff6734dcb8ac7ead97)] -> xpath: //body/div[6]/div[3]/div[1]/div[3]/div[1]/div[2]/div[2]/div[2]/div[1]/div[1]/div[3]/div[1]/div[2]/h2[1]/a[1]]]]>
    </line>
    <line>
      <![CDATA[verifying product price of  nokia lumia product[[ChromeDriver: chrome on WINDOWS (3aa695e170accbff6734dcb8ac7ead97)] -> xpath: //span[@id='price-value-20']]]]>
    </line>
    <line>
      <![CDATA[changing Quantity of product2for[[ChromeDriver: chrome on WINDOWS (3aa695e170accbff6734dcb8ac7ead97)] -> xpath: //body/div[6]/div[3]/div[1]/div[3]/div[1]/div[2]/div[2]/div[2]/div[1]/div[1]/div[3]/div[1]/div[2]/h2[1]/a[1]]]]>
    </line>
    <line>
      <![CDATA[click on add to cart[[ChromeDriver: chrome on WINDOWS (3aa695e170accbff6734dcb8ac7ead97)] -> xpath: //button[@id='add-to-cart-button-20']]]]>
    </line>
    <line>
      <![CDATA[verify massage product add to cart[[ChromeDriver: chrome on WINDOWS (3aa695e170accbff6734dcb8ac7ead97)] -> xpath: //body/div[@id='bar-notification']/div[1]/p[1]]]]>
    </line>
    <line>
      <![CDATA[click on cross button[[ChromeDriver: chrome on WINDOWS (3aa695e170accbff6734dcb8ac7ead97)] -> xpath: //body/div[@id='bar-notification']/div[1]/span[1]]]]>
    </line>
    <line>
      <![CDATA[mousehoover to shopping cart[[ChromeDriver: chrome on WINDOWS (3aa695e170accbff6734dcb8ac7ead97)] -> xpath: //span[contains(text(),'Shopping cart')]]]]>
    </line>
    <line>
      <![CDATA[click on go to cart[[ChromeDriver: chrome on WINDOWS (3aa695e170accbff6734dcb8ac7ead97)] -> xpath: //button[contains(text(),'Go to cart')]]]]>
    </line>
    <line>
      <![CDATA[verify text ShoppingCart[[ChromeDriver: chrome on WINDOWS (3aa695e170accbff6734dcb8ac7ead97)] -> xpath: //h1[contains(text(),'Shopping cart')]]]]>
    </line>
    <line>
      <![CDATA[click on terms and condition [[ChromeDriver: chrome on WINDOWS (3aa695e170accbff6734dcb8ac7ead97)] -> id: termsofservice]]]>
    </line>
    <line>
      <![CDATA[click on checkout  [[ChromeDriver: chrome on WINDOWS (3aa695e170accbff6734dcb8ac7ead97)] -> id: checkout]]]>
    </line>
    <line>
      <![CDATA[verify welcome text on page[[ChromeDriver: chrome on WINDOWS (3aa695e170accbff6734dcb8ac7ead97)] -> xpath: //h1[contains(text(),'Welcome, Please Sign In!')]]]]>
    </line>
    <line>
      <![CDATA[click on register button[[ChromeDriver: chrome on WINDOWS (3aa695e170accbff6734dcb8ac7ead97)] -> xpath: //button[contains(text(),'Register')]]]]>
    </line>
    <line>
      <![CDATA[first name Siddh[[ChromeDriver: chrome on WINDOWS (3aa695e170accbff6734dcb8ac7ead97)] -> id: FirstName]]]>
    </line>
    <line>
      <![CDATA[Last name thak[[ChromeDriver: chrome on WINDOWS (3aa695e170accbff6734dcb8ac7ead97)] -> id: LastName]]]>
    </line>
    <line>
      <![CDATA[Email is siddh.thakker[[ChromeDriver: chrome on WINDOWS (3aa695e170accbff6734dcb8ac7ead97)] -> id: Email]]]>
    </line>
    <line>
      <![CDATA[Password is  siddhthak12[[ChromeDriver: chrome on WINDOWS (3aa695e170accbff6734dcb8ac7ead97)] -> id: Password]]]>
    </line>
    <line>
      <![CDATA[Confirm password is  siddhthak12[[ChromeDriver: chrome on WINDOWS (3aa695e170accbff6734dcb8ac7ead97)] -> xpath: //input[@id='ConfirmPassword']]]]>
    </line>
    <line>
      <![CDATA[click on Register [[ChromeDriver: chrome on WINDOWS (3aa695e170accbff6734dcb8ac7ead97)] -> xpath: //button[@id='register-button']]]]>
    </line>
    <line>
      <![CDATA[Your registration completed [[ChromeDriver: chrome on WINDOWS (3aa695e170accbff6734dcb8ac7ead97)] -> xpath: //div[contains(text(),'Your registration completed')]]]]>
    </line>
    <line>
      <![CDATA[click on continue [[ChromeDriver: chrome on WINDOWS (3aa695e170accbff6734dcb8ac7ead97)] -> xpath: //a[contains(text(),'Continue')]]]]>
    </line>
    <line>
      <![CDATA[click on terms and condition [[ChromeDriver: chrome on WINDOWS (3aa695e170accbff6734dcb8ac7ead97)] -> id: termsofservice]]]>
    </line>
    <line>
      <![CDATA[click on checkout  [[ChromeDriver: chrome on WINDOWS (3aa695e170accbff6734dcb8ac7ead97)] -> id: checkout]]]>
    </line>
    <line>
      <![CDATA[first name Siddh[[ChromeDriver: chrome on WINDOWS (3aa695e170accbff6734dcb8ac7ead97)] -> id: BillingNewAddress_FirstName]]]>
    </line>
    <line>
      <![CDATA[last name thak[[ChromeDriver: chrome on WINDOWS (3aa695e170accbff6734dcb8ac7ead97)] -> id: BillingNewAddress_LastName]]]>
    </line>
    <line>
      <![CDATA[Country name is  United States[[ChromeDriver: chrome on WINDOWS (3aa695e170accbff6734dcb8ac7ead97)] -> id: BillingNewAddress_CountryId]]]>
    </line>
    <line>
      <![CDATA[State name is  Alaska[[ChromeDriver: chrome on WINDOWS (3aa695e170accbff6734dcb8ac7ead97)] -> id: BillingNewAddress_StateProvinceId]]]>
    </line>
    <line>
      <![CDATA[ City name is  naple[[ChromeDriver: chrome on WINDOWS (3aa695e170accbff6734dcb8ac7ead97)] -> id: BillingNewAddress_City]]]>
    </line>
    <line>
      <![CDATA[Address 1 is  123 cordin view[[ChromeDriver: chrome on WINDOWS (3aa695e170accbff6734dcb8ac7ead97)] -> id: BillingNewAddress_Address1]]]>
    </line>
    <line>
      <![CDATA[Zip code is 1528[[ChromeDriver: chrome on WINDOWS (3aa695e170accbff6734dcb8ac7ead97)] -> id: BillingNewAddress_ZipPostalCode]]]>
    </line>
    <line>
      <![CDATA[Phone No is  45829011[[ChromeDriver: chrome on WINDOWS (3aa695e170accbff6734dcb8ac7ead97)] -> id: BillingNewAddress_PhoneNumber]]]>
    </line>
    <line>
      <![CDATA[Click on continue[[ChromeDriver: chrome on WINDOWS (3aa695e170accbff6734dcb8ac7ead97)] -> xpath: //body/div[6]/div[3]/div[1]/div[1]/div[1]/div[2]/ol[1]/li[1]/div[2]/div[1]/button[4]]]]>
    </line>
    <line>
      <![CDATA[click on 2nd day option[[ChromeDriver: chrome on WINDOWS (3aa695e170accbff6734dcb8ac7ead97)] -> css selector: #shippingoption_2]]]>
    </line>
    <line>
      <![CDATA[click on countinue tab [[ChromeDriver: chrome on WINDOWS (3aa695e170accbff6734dcb8ac7ead97)] -> xpath: //body/div[6]/div[3]/div[1]/div[1]/div[1]/div[2]/ol[1]/li[3]/div[2]/form[1]/div[2]/button[1]]]]>
    </line>
    <line>
      <![CDATA[click on paymentmethod[[ChromeDriver: chrome on WINDOWS (3aa695e170accbff6734dcb8ac7ead97)] -> id: paymentmethod_1]]]>
    </line>
    <line>
      <![CDATA[click on continue [[ChromeDriver: chrome on WINDOWS (3aa695e170accbff6734dcb8ac7ead97)] -> xpath: //body/div[6]/div[3]/div[1]/div[1]/div[1]/div[2]/ol[1]/li[4]/div[2]/div[1]/button[1]]]]>
    </line>
    <line>
      <![CDATA[mastercard Visais selected[[ChromeDriver: chrome on WINDOWS (3aa695e170accbff6734dcb8ac7ead97)] -> xpath: //select[@id='CreditCardType']]]]>
    </line>
    <line>
      <![CDATA[Enter name   H.M.zoe[[ChromeDriver: chrome on WINDOWS (3aa695e170accbff6734dcb8ac7ead97)] -> xpath: //input[@id='CardholderName']]]]>
    </line>
    <line>
      <![CDATA[Card No is  4111111111111111[[ChromeDriver: chrome on WINDOWS (3aa695e170accbff6734dcb8ac7ead97)] -> xpath: //input[@id='CardNumber']]]]>
    </line>
    <line>
      <![CDATA[Enter Month is  01[[ChromeDriver: chrome on WINDOWS (3aa695e170accbff6734dcb8ac7ead97)] -> xpath: //select[@id='ExpireMonth']]]]>
    </line>
    <line>
      <![CDATA[Enter year is  2025[[ChromeDriver: chrome on WINDOWS (3aa695e170accbff6734dcb8ac7ead97)] -> xpath: //select[@id='ExpireYear']]]]>
    </line>
    <line>
      <![CDATA[Enter card code is  123[[ChromeDriver: chrome on WINDOWS (3aa695e170accbff6734dcb8ac7ead97)] -> xpath: //input[@id='CardCode']]]]>
    </line>
    <line>
      <![CDATA[click on continue [[ChromeDriver: chrome on WINDOWS (3aa695e170accbff6734dcb8ac7ead97)] -> xpath: //body/div[6]/div[3]/div[1]/div[1]/div[1]/div[2]/ol[1]/li[5]/div[2]/div[1]/button[1]]]]>
    </line>
    <line>
      <![CDATA[verify payment method is credit card [[ChromeDriver: chrome on WINDOWS (3aa695e170accbff6734dcb8ac7ead97)] -> xpath: //span[contains(text(),'Credit Card')]]]]>
    </line>
    <line>
      <![CDATA[verify shipping method is 2nd day [[ChromeDriver: chrome on WINDOWS (3aa695e170accbff6734dcb8ac7ead97)] -> xpath: //body/div[6]/div[3]/div[1]/div[1]/div[1]/div[2]/ol[1]/li[6]/div[2]/div[1]/div[1]/div[1]/div[1]/div[1]/div[2]/div[2]/ul[1]/li[1]/span[2]]]]>
    </line>
    <line>
      <![CDATA[Total price $698 [[ChromeDriver: chrome on WINDOWS (3aa695e170accbff6734dcb8ac7ead97)] -> xpath: //tr[@class='order-total']/td[2]/span]]]>
    </line>
    <line>
      <![CDATA[click on continue [[ChromeDriver: chrome on WINDOWS (3aa695e170accbff6734dcb8ac7ead97)] -> xpath: //button[contains(text(),'Confirm')]]]]>
    </line>
    <line>
      <![CDATA[verify text Thank You [[ChromeDriver: chrome on WINDOWS (3aa695e170accbff6734dcb8ac7ead97)] -> xpath: //h1[contains(text(),'Thank you')]]]]>
    </line>
    <line>
      <![CDATA[Your order has been successfully processed![[ChromeDriver: chrome on WINDOWS (3aa695e170accbff6734dcb8ac7ead97)] -> xpath: //strong[contains(text(),'Your order has been successfully processed!')]]]]>
    </line>
    <line>
      <![CDATA[click on continue [[ChromeDriver: chrome on WINDOWS (3aa695e170accbff6734dcb8ac7ead97)] -> xpath: //button[contains(text(),'Continue')]]]]>
    </line>
    <line>
      <![CDATA[welcome to our store[[ChromeDriver: chrome on WINDOWS (3aa695e170accbff6734dcb8ac7ead97)] -> xpath: //h2[contains(text(),'Welcome to our store')]]]]>
    </line>
    <line>
      <![CDATA[click on log out [[ChromeDriver: chrome on WINDOWS (3aa695e170accbff6734dcb8ac7ead97)] -> xpath: //a[contains(text(),'Log out')]]]]>
    </line>
    <line>
      <![CDATA[Click to see screenshot]]>
    </line>
    <line>
      <![CDATA[<a target = "_blank" href=C:\Users\hvtha\page-factory-nop-commerce-proj5/test-output/html/verifyThatTheProductAddedSuccessfullyAndPlaceOrderSuccessfullyTue_Dec_13_17_06_40_GMT_2022.jpg>Screenshot</a>]]>
    </line>
    <line>
      <![CDATA[<br>]]>
    </line>
    <line>
      <![CDATA[<br>]]>
    </line>
    <line>
      <![CDATA[<a target = "_blank" href=C:\Users\hvtha\page-factory-nop-commerce-proj5/test-output/html/verifyThatTheProductAddedSuccessfullyAndPlaceOrderSuccessfullyTue_Dec_13_17_06_40_GMT_2022.jpg><img src=C:\Users\hvtha\page-factory-nop-commerce-proj5/test-output/html/verifyThatTheProductAddedSuccessfullyAndPlaceOrderSuccessfullyTue_Dec_13_17_06_40_GMT_2022.jpg height=200 width=200></img></a>]]>
    </line>
    <line>
      <![CDATA[click on Computer Menu[[ChromeDriver: chrome on WINDOWS (3dbb5118c5c79e71b47ad01235eefd2d)] -> xpath: //body/div[6]/div[2]/ul[1]/li[1]/a[1]]]]>
    </line>
    <line>
      <![CDATA[click on Desktop[[ChromeDriver: chrome on WINDOWS (3dbb5118c5c79e71b47ad01235eefd2d)] -> xpath: //body/div[6]/div[2]/ul[1]/li[1]/ul[1]/li[1]/a[1]]]]>
    </line>
    <line>
      <![CDATA[click on name A to Z[[ChromeDriver: chrome on WINDOWS (3dbb5118c5c79e71b47ad01235eefd2d)] -> id: products-orderby]]]>
    </line>
    <line>
      <![CDATA[click on add to cart[[ChromeDriver: chrome on WINDOWS (3dbb5118c5c79e71b47ad01235eefd2d)] -> xpath: //div[@data-productid='1']/div[2]/div[3]/div[2]/button[1]]]]>
    </line>
    <line>
      <![CDATA[BuildYourComputer[[ChromeDriver: chrome on WINDOWS (3dbb5118c5c79e71b47ad01235eefd2d)] -> xpath: //h1[contains(text(),'Build your own computer')]]]]>
    </line>
    <line>
      <![CDATA[ intel platinum2.2 GHz Intel Pentium Dual-Core E2200is selected[[ChromeDriver: chrome on WINDOWS (3dbb5118c5c79e71b47ad01235eefd2d)] -> xpath: //select[@id='product_attribute_1']]]]>
    </line>
    <line>
      <![CDATA[selection of RAM8GB [+$60.00]is [[ChromeDriver: chrome on WINDOWS (3dbb5118c5c79e71b47ad01235eefd2d)] -> xpath: //select[@id='product_attribute_2']]]]>
    </line>
    <line>
      <![CDATA[selection of HDD[[ChromeDriver: chrome on WINDOWS (3dbb5118c5c79e71b47ad01235eefd2d)] -> xpath: //input[@id='product_attribute_3_7']]]]>
    </line>
    <line>
      <![CDATA[Select vista field tab [[ChromeDriver: chrome on WINDOWS (3dbb5118c5c79e71b47ad01235eefd2d)] -> id: product_attribute_4_9]]]>
    </line>
    <line>
      <![CDATA[click on commander[[ChromeDriver: chrome on WINDOWS (3dbb5118c5c79e71b47ad01235eefd2d)] -> id: product_attribute_5_12]]]>
    </line>
    <line>
      <![CDATA[verify price  [[ChromeDriver: chrome on WINDOWS (3dbb5118c5c79e71b47ad01235eefd2d)] -> xpath: //span[@id='price-value-1']]]]>
    </line>
    <line>
      <![CDATA[click on add to cart[[ChromeDriver: chrome on WINDOWS (3dbb5118c5c79e71b47ad01235eefd2d)] -> xpath: //button[@id='add-to-cart-button-1']]]]>
    </line>
    <line>
      <![CDATA[poduct add to cart[[ChromeDriver: chrome on WINDOWS (3dbb5118c5c79e71b47ad01235eefd2d)] -> xpath: //body/div[@id='bar-notification']/div[1]]]]>
    </line>
    <line>
      <![CDATA[click on shopping cart[[ChromeDriver: chrome on WINDOWS (3dbb5118c5c79e71b47ad01235eefd2d)] -> xpath: //a[contains(text(),'shopping cart')]]]]>
    </line>
    <line>
      <![CDATA[verify text ShoppingCart[[ChromeDriver: chrome on WINDOWS (3dbb5118c5c79e71b47ad01235eefd2d)] -> xpath: //h1[contains(text(),'Shopping cart')]]]]>
    </line>
    <line>
      <![CDATA[change quantity to 2[[ChromeDriver: chrome on WINDOWS (3dbb5118c5c79e71b47ad01235eefd2d)] -> xpath: //td[@class='quantity']/input]]]>
    </line>
    <line>
      <![CDATA[ update shopping cart [[ChromeDriver: chrome on WINDOWS (3dbb5118c5c79e71b47ad01235eefd2d)] -> id: updatecart]]]>
    </line>
    <line>
      <![CDATA[Total price $2,950.00 [[ChromeDriver: chrome on WINDOWS (3dbb5118c5c79e71b47ad01235eefd2d)] -> xpath: //tr[@class='order-total']/td[2]/span/strong]]]>
    </line>
    <line>
      <![CDATA[click on terms and condition [[ChromeDriver: chrome on WINDOWS (3dbb5118c5c79e71b47ad01235eefd2d)] -> id: termsofservice]]]>
    </line>
    <line>
      <![CDATA[click on checkout  [[ChromeDriver: chrome on WINDOWS (3dbb5118c5c79e71b47ad01235eefd2d)] -> id: checkout]]]>
    </line>
    <line>
      <![CDATA[verify welcome text on page[[ChromeDriver: chrome on WINDOWS (3dbb5118c5c79e71b47ad01235eefd2d)] -> xpath: //h1[contains(text(),'Welcome, Please Sign In!')]]]]>
    </line>
    <line>
      <![CDATA[click on checkout guest button[[ChromeDriver: chrome on WINDOWS (3dbb5118c5c79e71b47ad01235eefd2d)] -> xpath: //button[contains(text(),'Checkout as Guest')]]]]>
    </line>
    <line>
      <![CDATA[first name jenna[[ChromeDriver: chrome on WINDOWS (3dbb5118c5c79e71b47ad01235eefd2d)] -> id: BillingNewAddress_FirstName]]]>
    </line>
    <line>
      <![CDATA[last name munim[[ChromeDriver: chrome on WINDOWS (3dbb5118c5c79e71b47ad01235eefd2d)] -> id: BillingNewAddress_LastName]]]>
    </line>
    <line>
      <![CDATA[Email ID is jenumun12@gmail.com[[ChromeDriver: chrome on WINDOWS (3dbb5118c5c79e71b47ad01235eefd2d)] -> id: BillingNewAddress_Email]]]>
    </line>
    <line>
      <![CDATA[Country name is  United States[[ChromeDriver: chrome on WINDOWS (3dbb5118c5c79e71b47ad01235eefd2d)] -> id: BillingNewAddress_CountryId]]]>
    </line>
    <line>
      <![CDATA[State name is  Alaska[[ChromeDriver: chrome on WINDOWS (3dbb5118c5c79e71b47ad01235eefd2d)] -> id: BillingNewAddress_StateProvinceId]]]>
    </line>
    <line>
      <![CDATA[ City name is  naple[[ChromeDriver: chrome on WINDOWS (3dbb5118c5c79e71b47ad01235eefd2d)] -> id: BillingNewAddress_City]]]>
    </line>
    <line>
      <![CDATA[Address 1 is  123 cordin view[[ChromeDriver: chrome on WINDOWS (3dbb5118c5c79e71b47ad01235eefd2d)] -> id: BillingNewAddress_Address1]]]>
    </line>
    <line>
      <![CDATA[Zip code is 1528[[ChromeDriver: chrome on WINDOWS (3dbb5118c5c79e71b47ad01235eefd2d)] -> id: BillingNewAddress_ZipPostalCode]]]>
    </line>
    <line>
      <![CDATA[Phone No is  45829011[[ChromeDriver: chrome on WINDOWS (3dbb5118c5c79e71b47ad01235eefd2d)] -> id: BillingNewAddress_PhoneNumber]]]>
    </line>
    <line>
      <![CDATA[Click on continue[[ChromeDriver: chrome on WINDOWS (3dbb5118c5c79e71b47ad01235eefd2d)] -> xpath: //body/div[6]/div[3]/div[1]/div[1]/div[1]/div[2]/ol[1]/li[1]/div[2]/div[1]/button[4]]]]>
    </line>
    <line>
      <![CDATA[click on next day delivary[[ChromeDriver: chrome on WINDOWS (3dbb5118c5c79e71b47ad01235eefd2d)] -> id: shippingoption_1]]]>
    </line>
    <line>
      <![CDATA[click on countinue tab [[ChromeDriver: chrome on WINDOWS (3dbb5118c5c79e71b47ad01235eefd2d)] -> xpath: //body/div[6]/div[3]/div[1]/div[1]/div[1]/div[2]/ol[1]/li[3]/div[2]/form[1]/div[2]/button[1]]]]>
    </line>
    <line>
      <![CDATA[click on paymentmethod[[ChromeDriver: chrome on WINDOWS (3dbb5118c5c79e71b47ad01235eefd2d)] -> id: paymentmethod_1]]]>
    </line>
    <line>
      <![CDATA[click on continue [[ChromeDriver: chrome on WINDOWS (3dbb5118c5c79e71b47ad01235eefd2d)] -> xpath: //body/div[6]/div[3]/div[1]/div[1]/div[1]/div[2]/ol[1]/li[4]/div[2]/div[1]/button[1]]]]>
    </line>
    <line>
      <![CDATA[mastercard Master cardis selected[[ChromeDriver: chrome on WINDOWS (3dbb5118c5c79e71b47ad01235eefd2d)] -> xpath: //select[@id='CreditCardType']]]]>
    </line>
    <line>
      <![CDATA[Enter name   H.M.zoe[[ChromeDriver: chrome on WINDOWS (3dbb5118c5c79e71b47ad01235eefd2d)] -> xpath: //input[@id='CardholderName']]]]>
    </line>
    <line>
      <![CDATA[Card No is  5555555555554444[[ChromeDriver: chrome on WINDOWS (3dbb5118c5c79e71b47ad01235eefd2d)] -> xpath: //input[@id='CardNumber']]]]>
    </line>
    <line>
      <![CDATA[Enter Month is  01[[ChromeDriver: chrome on WINDOWS (3dbb5118c5c79e71b47ad01235eefd2d)] -> xpath: //select[@id='ExpireMonth']]]]>
    </line>
    <line>
      <![CDATA[Enter year is  2025[[ChromeDriver: chrome on WINDOWS (3dbb5118c5c79e71b47ad01235eefd2d)] -> xpath: //select[@id='ExpireYear']]]]>
    </line>
    <line>
      <![CDATA[Enter card code is  123[[ChromeDriver: chrome on WINDOWS (3dbb5118c5c79e71b47ad01235eefd2d)] -> xpath: //input[@id='CardCode']]]]>
    </line>
    <line>
      <![CDATA[click on continue [[ChromeDriver: chrome on WINDOWS (3dbb5118c5c79e71b47ad01235eefd2d)] -> xpath: //body/div[6]/div[3]/div[1]/div[1]/div[1]/div[2]/ol[1]/li[5]/div[2]/div[1]/button[1]]]]>
    </line>
    <line>
      <![CDATA[verify payment method is credit card [[ChromeDriver: chrome on WINDOWS (3dbb5118c5c79e71b47ad01235eefd2d)] -> xpath: //span[contains(text(),'Credit Card')]]]]>
    </line>
    <line>
      <![CDATA[verify Shipping method is next day delivary[[ChromeDriver: chrome on WINDOWS (3dbb5118c5c79e71b47ad01235eefd2d)] -> xpath: //div[@class='order-summary-content']/div/div[2]/div[2]/ul/li/span[2]]]]>
    </line>
    <line>
      <![CDATA[verify Total is $2950[[ChromeDriver: chrome on WINDOWS (3dbb5118c5c79e71b47ad01235eefd2d)] -> xpath: //tr[@class='order-total']/td[2]/span]]]>
    </line>
    <line>
      <![CDATA[click on continue [[ChromeDriver: chrome on WINDOWS (3dbb5118c5c79e71b47ad01235eefd2d)] -> xpath: //button[contains(text(),'Confirm')]]]]>
    </line>
    <line>
      <![CDATA[verify text Thank You [[ChromeDriver: chrome on WINDOWS (3dbb5118c5c79e71b47ad01235eefd2d)] -> xpath: //h1[contains(text(),'Thank you')]]]]>
    </line>
    <line>
      <![CDATA[Your order has been successfully processed![[ChromeDriver: chrome on WINDOWS (3dbb5118c5c79e71b47ad01235eefd2d)] -> xpath: //strong[contains(text(),'Your order has been successfully processed!')]]]]>
    </line>
    <line>
      <![CDATA[click on continue [[ChromeDriver: chrome on WINDOWS (3dbb5118c5c79e71b47ad01235eefd2d)] -> xpath: //button[contains(text(),'Continue')]]]]>
    </line>
    <line>
      <![CDATA[welcome to our store[[ChromeDriver: chrome on WINDOWS (3dbb5118c5c79e71b47ad01235eefd2d)] -> xpath: //h2[contains(text(),'Welcome to our store')]]]]>
    </line>
    <line>
      <![CDATA[Click to see screenshot]]>
    </line>
    <line>
      <![CDATA[<a target = "_blank" href=C:\Users\hvtha\page-factory-nop-commerce-proj5/test-output/html/verifyProductAddedToShoppingCartSuccessFullyTue_Dec_13_17_07_11_GMT_2022.jpg>Screenshot</a>]]>
    </line>
    <line>
      <![CDATA[<br>]]>
    </line>
    <line>
      <![CDATA[<br>]]>
    </line>
    <line>
      <![CDATA[<a target = "_blank" href=C:\Users\hvtha\page-factory-nop-commerce-proj5/test-output/html/verifyProductAddedToShoppingCartSuccessFullyTue_Dec_13_17_07_11_GMT_2022.jpg><img src=C:\Users\hvtha\page-factory-nop-commerce-proj5/test-output/html/verifyProductAddedToShoppingCartSuccessFullyTue_Dec_13_17_07_11_GMT_2022.jpg height=200 width=200></img></a>]]>
    </line>
    <line>
      <![CDATA[click on Computer Menu[[ChromeDriver: chrome on WINDOWS (d0fad0dc508ae841c752c11169687fc0)] -> xpath: //body/div[6]/div[2]/ul[1]/li[1]/a[1]]]]>
    </line>
    <line>
      <![CDATA[click on Desktop[[ChromeDriver: chrome on WINDOWS (d0fad0dc508ae841c752c11169687fc0)] -> xpath: //body/div[6]/div[2]/ul[1]/li[1]/ul[1]/li[1]/a[1]]]]>
    </line>
    <line>
      <![CDATA[click on name Z to A[[ChromeDriver: chrome on WINDOWS (d0fad0dc508ae841c752c11169687fc0)] -> id: products-orderby]]]>
    </line>
    <line>
      <![CDATA[Click to see screenshot]]>
    </line>
    <line>
      <![CDATA[<a target = "_blank" href=C:\Users\hvtha\page-factory-nop-commerce-proj5/test-output/html/verifyProductArrangeInAlphaBaticalOrderTue_Dec_13_17_07_16_GMT_2022.jpg>Screenshot</a>]]>
    </line>
    <line>
      <![CDATA[<br>]]>
    </line>
    <line>
      <![CDATA[<br>]]>
    </line>
    <line>
      <![CDATA[<a target = "_blank" href=C:\Users\hvtha\page-factory-nop-commerce-proj5/test-output/html/verifyProductArrangeInAlphaBaticalOrderTue_Dec_13_17_07_16_GMT_2022.jpg><img src=C:\Users\hvtha\page-factory-nop-commerce-proj5/test-output/html/verifyProductArrangeInAlphaBaticalOrderTue_Dec_13_17_07_16_GMT_2022.jpg height=200 width=200></img></a>]]>
    </line>
    <line>
      <![CDATA[verify title of the page[[ChromeDriver: chrome on WINDOWS (bb7ab5f03e451ca759dd419e16a20500)] -> css selector: div.page-title]]]>
    </line>
    <line>
      <![CDATA[Click to see screenshot]]>
    </line>
    <line>
      <![CDATA[<a target = "_blank" href=C:\Users\hvtha\page-factory-nop-commerce-proj5/test-output/html/verifyPageNavigationTue_Dec_13_17_07_20_GMT_2022.jpg>Screenshot</a>]]>
    </line>
    <line>
      <![CDATA[<br>]]>
    </line>
    <line>
      <![CDATA[<br>]]>
    </line>
    <line>
      <![CDATA[<a target = "_blank" href=C:\Users\hvtha\page-factory-nop-commerce-proj5/test-output/html/verifyPageNavigationTue_Dec_13_17_07_20_GMT_2022.jpg><img src=C:\Users\hvtha\page-factory-nop-commerce-proj5/test-output/html/verifyPageNavigationTue_Dec_13_17_07_20_GMT_2022.jpg height=200 width=200></img></a>]]>
    </line>
    <line>
      <![CDATA[on Electronics tab[[ChromeDriver: chrome on WINDOWS (c898c9bff12db64ad8bc5ea9cf0b06e7)] -> xpath: //body/div[6]/div[2]/ul[1]/li[2]/a[1]]]]>
    </line>
    <line>
      <![CDATA[click on Cell Phone[[ChromeDriver: chrome on WINDOWS (c898c9bff12db64ad8bc5ea9cf0b06e7)] -> xpath: //body/div[6]/div[2]/ul[1]/li[2]/ul[1]/li[2]/a[1]]]]>
    </line>
    <line>
      <![CDATA[verify text Cell Phone[[ChromeDriver: chrome on WINDOWS (c898c9bff12db64ad8bc5ea9cf0b06e7)] -> xpath: //h1[contains(text(),'Cell phones')]]]]>
    </line>
    <line>
      <![CDATA[Click to see screenshot]]>
    </line>
    <line>
      <![CDATA[<a target = "_blank" href=C:\Users\hvtha\page-factory-nop-commerce-proj5/test-output/html/verifyUserShouldNavigateToCellPhonesPageSuccessfullyTue_Dec_13_17_07_25_GMT_2022.jpg>Screenshot</a>]]>
    </line>
    <line>
      <![CDATA[<br>]]>
    </line>
    <line>
      <![CDATA[<br>]]>
    </line>
    <line>
      <![CDATA[<a target = "_blank" href=C:\Users\hvtha\page-factory-nop-commerce-proj5/test-output/html/verifyUserShouldNavigateToCellPhonesPageSuccessfullyTue_Dec_13_17_07_25_GMT_2022.jpg><img src=C:\Users\hvtha\page-factory-nop-commerce-proj5/test-output/html/verifyUserShouldNavigateToCellPhonesPageSuccessfullyTue_Dec_13_17_07_25_GMT_2022.jpg height=200 width=200></img></a>]]>
    </line>
  </reporter-output>
  <suite name="regressionSuite" duration-ms="72413" started-at="2022-12-13T17:06:13 GMT" finished-at="2022-12-13T17:07:25 GMT">
    <groups>
      <group name="regression">
        <method signature="CellPhonePageTest.verifyThatTheProductAddedSuccessfullyAndPlaceOrderSuccessfully()[pri:0, instance:com.nopcommerce.demo.testsuite.CellPhonePageTest@4d1b0d2a]" name="verifyThatTheProductAddedSuccessfullyAndPlaceOrderSuccessfully" class="com.nopcommerce.demo.testsuite.CellPhonePageTest"/>
        <method signature="DesktopPageTest.verifyProductAddedToShoppingCartSuccessFully()[pri:0, instance:com.nopcommerce.demo.testsuite.DesktopPageTest@543788f3]" name="verifyProductAddedToShoppingCartSuccessFully" class="com.nopcommerce.demo.testsuite.DesktopPageTest"/>
        <method signature="DesktopPageTest.verifyProductArrangeInAlphaBaticalOrder()[pri:0, instance:com.nopcommerce.demo.testsuite.DesktopPageTest@543788f3]" name="verifyProductArrangeInAlphaBaticalOrder" class="com.nopcommerce.demo.testsuite.DesktopPageTest"/>
        <method signature="HomePageTest.verifyPageNavigation()[pri:0, instance:com.nopcommerce.demo.testsuite.HomePageTest@6d3af739]" name="verifyPageNavigation" class="com.nopcommerce.demo.testsuite.HomePageTest"/>
        <method signature="HomePageTest.verifyUserShouldNavigateToCellPhonesPageSuccessfully()[pri:0, instance:com.nopcommerce.demo.testsuite.HomePageTest@6d3af739]" name="verifyUserShouldNavigateToCellPhonesPageSuccessfully" class="com.nopcommerce.demo.testsuite.HomePageTest"/>
      </group> <!-- regression -->
      <group name="smoke">
        <method signature="DesktopPageTest.verifyProductAddedToShoppingCartSuccessFully()[pri:0, instance:com.nopcommerce.demo.testsuite.DesktopPageTest@543788f3]" name="verifyProductAddedToShoppingCartSuccessFully" class="com.nopcommerce.demo.testsuite.DesktopPageTest"/>
        <method signature="HomePageTest.verifyUserShouldNavigateToCellPhonesPageSuccessfully()[pri:0, instance:com.nopcommerce.demo.testsuite.HomePageTest@6d3af739]" name="verifyUserShouldNavigateToCellPhonesPageSuccessfully" class="com.nopcommerce.demo.testsuite.HomePageTest"/>
      </group> <!-- smoke -->
      <group name="sanity">
        <method signature="CellPhonePageTest.verifyThatTheProductAddedSuccessfullyAndPlaceOrderSuccessfully()[pri:0, instance:com.nopcommerce.demo.testsuite.CellPhonePageTest@4d1b0d2a]" name="verifyThatTheProductAddedSuccessfullyAndPlaceOrderSuccessfully" class="com.nopcommerce.demo.testsuite.CellPhonePageTest"/>
        <method signature="DesktopPageTest.verifyProductArrangeInAlphaBaticalOrder()[pri:0, instance:com.nopcommerce.demo.testsuite.DesktopPageTest@543788f3]" name="verifyProductArrangeInAlphaBaticalOrder" class="com.nopcommerce.demo.testsuite.DesktopPageTest"/>
        <method signature="HomePageTest.verifyPageNavigation()[pri:0, instance:com.nopcommerce.demo.testsuite.HomePageTest@6d3af739]" name="verifyPageNavigation" class="com.nopcommerce.demo.testsuite.HomePageTest"/>
      </group> <!-- sanity -->
    </groups>
    <test name="regression Test" duration-ms="72413" started-at="2022-12-13T17:06:13 GMT" finished-at="2022-12-13T17:07:25 GMT">
      <class name="com.nopcommerce.demo.testsuite.HomePageTest">
        <test-method status="PASS" signature="setUp()[pri:0, instance:com.nopcommerce.demo.testsuite.HomePageTest@6d3af739]" name="setUp" is-config="true" duration-ms="2997" started-at="2022-12-13T17:07:16 GMT" finished-at="2022-12-13T17:07:19 GMT">
          <reporter-output>
          </reporter-output>
        </test-method> <!-- setUp -->
        <test-method status="PASS" signature="objectMethod()[pri:0, instance:com.nopcommerce.demo.testsuite.HomePageTest@6d3af739]" name="objectMethod" is-config="true" duration-ms="2" started-at="2022-12-13T17:07:19 GMT" finished-at="2022-12-13T17:07:19 GMT">
          <reporter-output>
          </reporter-output>
        </test-method> <!-- objectMethod -->
        <test-method status="PASS" signature="verifyPageNavigation()[pri:0, instance:com.nopcommerce.demo.testsuite.HomePageTest@6d3af739]" name="verifyPageNavigation" duration-ms="1134" started-at="2022-12-13T17:07:19 GMT" finished-at="2022-12-13T17:07:20 GMT">
          <reporter-output>
            <line>
              <![CDATA[verify title of the page[[ChromeDriver: chrome on WINDOWS (bb7ab5f03e451ca759dd419e16a20500)] -> css selector: div.page-title]]]>
            </line>
            <line>
              <![CDATA[Click to see screenshot]]>
            </line>
            <line>
              <![CDATA[<a target = "_blank" href=C:\Users\hvtha\page-factory-nop-commerce-proj5/test-output/html/verifyPageNavigationTue_Dec_13_17_07_20_GMT_2022.jpg>Screenshot</a>]]>
            </line>
            <line>
              <![CDATA[<br>]]>
            </line>
            <line>
              <![CDATA[<br>]]>
            </line>
            <line>
              <![CDATA[<a target = "_blank" href=C:\Users\hvtha\page-factory-nop-commerce-proj5/test-output/html/verifyPageNavigationTue_Dec_13_17_07_20_GMT_2022.jpg><img src=C:\Users\hvtha\page-factory-nop-commerce-proj5/test-output/html/verifyPageNavigationTue_Dec_13_17_07_20_GMT_2022.jpg height=200 width=200></img></a>]]>
            </line>
          </reporter-output>
        </test-method> <!-- verifyPageNavigation -->
        <test-method status="PASS" signature="tearDown()[pri:0, instance:com.nopcommerce.demo.testsuite.HomePageTest@6d3af739]" name="tearDown" is-config="true" duration-ms="1" started-at="2022-12-13T17:07:20 GMT" finished-at="2022-12-13T17:07:20 GMT">
          <reporter-output>
          </reporter-output>
        </test-method> <!-- tearDown -->
        <test-method status="PASS" signature="setUp()[pri:0, instance:com.nopcommerce.demo.testsuite.HomePageTest@6d3af739]" name="setUp" is-config="true" duration-ms="3817" started-at="2022-12-13T17:07:20 GMT" finished-at="2022-12-13T17:07:24 GMT">
          <reporter-output>
          </reporter-output>
        </test-method> <!-- setUp -->
        <test-method status="PASS" signature="objectMethod()[pri:0, instance:com.nopcommerce.demo.testsuite.HomePageTest@6d3af739]" name="objectMethod" is-config="true" duration-ms="0" started-at="2022-12-13T17:07:24 GMT" finished-at="2022-12-13T17:07:24 GMT">
          <reporter-output>
          </reporter-output>
        </test-method> <!-- objectMethod -->
        <test-method status="PASS" signature="verifyUserShouldNavigateToCellPhonesPageSuccessfully()[pri:0, instance:com.nopcommerce.demo.testsuite.HomePageTest@6d3af739]" name="verifyUserShouldNavigateToCellPhonesPageSuccessfully" duration-ms="1044" started-at="2022-12-13T17:07:24 GMT" finished-at="2022-12-13T17:07:25 GMT">
          <reporter-output>
            <line>
              <![CDATA[on Electronics tab[[ChromeDriver: chrome on WINDOWS (c898c9bff12db64ad8bc5ea9cf0b06e7)] -> xpath: //body/div[6]/div[2]/ul[1]/li[2]/a[1]]]]>
            </line>
            <line>
              <![CDATA[click on Cell Phone[[ChromeDriver: chrome on WINDOWS (c898c9bff12db64ad8bc5ea9cf0b06e7)] -> xpath: //body/div[6]/div[2]/ul[1]/li[2]/ul[1]/li[2]/a[1]]]]>
            </line>
            <line>
              <![CDATA[verify text Cell Phone[[ChromeDriver: chrome on WINDOWS (c898c9bff12db64ad8bc5ea9cf0b06e7)] -> xpath: //h1[contains(text(),'Cell phones')]]]]>
            </line>
            <line>
              <![CDATA[Click to see screenshot]]>
            </line>
            <line>
              <![CDATA[<a target = "_blank" href=C:\Users\hvtha\page-factory-nop-commerce-proj5/test-output/html/verifyUserShouldNavigateToCellPhonesPageSuccessfullyTue_Dec_13_17_07_25_GMT_2022.jpg>Screenshot</a>]]>
            </line>
            <line>
              <![CDATA[<br>]]>
            </line>
            <line>
              <![CDATA[<br>]]>
            </line>
            <line>
              <![CDATA[<a target = "_blank" href=C:\Users\hvtha\page-factory-nop-commerce-proj5/test-output/html/verifyUserShouldNavigateToCellPhonesPageSuccessfullyTue_Dec_13_17_07_25_GMT_2022.jpg><img src=C:\Users\hvtha\page-factory-nop-commerce-proj5/test-output/html/verifyUserShouldNavigateToCellPhonesPageSuccessfullyTue_Dec_13_17_07_25_GMT_2022.jpg height=200 width=200></img></a>]]>
            </line>
          </reporter-output>
        </test-method> <!-- verifyUserShouldNavigateToCellPhonesPageSuccessfully -->
        <test-method status="PASS" signature="tearDown()[pri:0, instance:com.nopcommerce.demo.testsuite.HomePageTest@6d3af739]" name="tearDown" is-config="true" duration-ms="1" started-at="2022-12-13T17:07:25 GMT" finished-at="2022-12-13T17:07:25 GMT">
          <reporter-output>
          </reporter-output>
        </test-method> <!-- tearDown -->
      </class> <!-- com.nopcommerce.demo.testsuite.HomePageTest -->
      <class name="com.nopcommerce.demo.testsuite.DesktopPageTest">
        <test-method status="PASS" signature="setUp()[pri:0, instance:com.nopcommerce.demo.testsuite.DesktopPageTest@543788f3]" name="setUp" is-config="true" duration-ms="3077" started-at="2022-12-13T17:06:40 GMT" finished-at="2022-12-13T17:06:43 GMT">
          <reporter-output>
          </reporter-output>
        </test-method> <!-- setUp -->
        <test-method status="PASS" signature="objectMethod()[pri:0, instance:com.nopcommerce.demo.testsuite.DesktopPageTest@543788f3]" name="objectMethod" is-config="true" duration-ms="10" started-at="2022-12-13T17:06:43 GMT" finished-at="2022-12-13T17:06:43 GMT">
          <reporter-output>
          </reporter-output>
        </test-method> <!-- objectMethod -->
        <test-method status="PASS" signature="verifyProductAddedToShoppingCartSuccessFully()[pri:0, instance:com.nopcommerce.demo.testsuite.DesktopPageTest@543788f3]" name="verifyProductAddedToShoppingCartSuccessFully" duration-ms="26902" started-at="2022-12-13T17:06:43 GMT" finished-at="2022-12-13T17:07:10 GMT">
          <reporter-output>
            <line>
              <![CDATA[click on Computer Menu[[ChromeDriver: chrome on WINDOWS (3dbb5118c5c79e71b47ad01235eefd2d)] -> xpath: //body/div[6]/div[2]/ul[1]/li[1]/a[1]]]]>
            </line>
            <line>
              <![CDATA[click on Desktop[[ChromeDriver: chrome on WINDOWS (3dbb5118c5c79e71b47ad01235eefd2d)] -> xpath: //body/div[6]/div[2]/ul[1]/li[1]/ul[1]/li[1]/a[1]]]]>
            </line>
            <line>
              <![CDATA[click on name A to Z[[ChromeDriver: chrome on WINDOWS (3dbb5118c5c79e71b47ad01235eefd2d)] -> id: products-orderby]]]>
            </line>
            <line>
              <![CDATA[click on add to cart[[ChromeDriver: chrome on WINDOWS (3dbb5118c5c79e71b47ad01235eefd2d)] -> xpath: //div[@data-productid='1']/div[2]/div[3]/div[2]/button[1]]]]>
            </line>
            <line>
              <![CDATA[BuildYourComputer[[ChromeDriver: chrome on WINDOWS (3dbb5118c5c79e71b47ad01235eefd2d)] -> xpath: //h1[contains(text(),'Build your own computer')]]]]>
            </line>
            <line>
              <![CDATA[ intel platinum2.2 GHz Intel Pentium Dual-Core E2200is selected[[ChromeDriver: chrome on WINDOWS (3dbb5118c5c79e71b47ad01235eefd2d)] -> xpath: //select[@id='product_attribute_1']]]]>
            </line>
            <line>
              <![CDATA[selection of RAM8GB [+$60.00]is [[ChromeDriver: chrome on WINDOWS (3dbb5118c5c79e71b47ad01235eefd2d)] -> xpath: //select[@id='product_attribute_2']]]]>
            </line>
            <line>
              <![CDATA[selection of HDD[[ChromeDriver: chrome on WINDOWS (3dbb5118c5c79e71b47ad01235eefd2d)] -> xpath: //input[@id='product_attribute_3_7']]]]>
            </line>
            <line>
              <![CDATA[Select vista field tab [[ChromeDriver: chrome on WINDOWS (3dbb5118c5c79e71b47ad01235eefd2d)] -> id: product_attribute_4_9]]]>
            </line>
            <line>
              <![CDATA[click on commander[[ChromeDriver: chrome on WINDOWS (3dbb5118c5c79e71b47ad01235eefd2d)] -> id: product_attribute_5_12]]]>
            </line>
            <line>
              <![CDATA[verify price  [[ChromeDriver: chrome on WINDOWS (3dbb5118c5c79e71b47ad01235eefd2d)] -> xpath: //span[@id='price-value-1']]]]>
            </line>
            <line>
              <![CDATA[click on add to cart[[ChromeDriver: chrome on WINDOWS (3dbb5118c5c79e71b47ad01235eefd2d)] -> xpath: //button[@id='add-to-cart-button-1']]]]>
            </line>
            <line>
              <![CDATA[poduct add to cart[[ChromeDriver: chrome on WINDOWS (3dbb5118c5c79e71b47ad01235eefd2d)] -> xpath: //body/div[@id='bar-notification']/div[1]]]]>
            </line>
            <line>
              <![CDATA[click on shopping cart[[ChromeDriver: chrome on WINDOWS (3dbb5118c5c79e71b47ad01235eefd2d)] -> xpath: //a[contains(text(),'shopping cart')]]]]>
            </line>
            <line>
              <![CDATA[verify text ShoppingCart[[ChromeDriver: chrome on WINDOWS (3dbb5118c5c79e71b47ad01235eefd2d)] -> xpath: //h1[contains(text(),'Shopping cart')]]]]>
            </line>
            <line>
              <![CDATA[change quantity to 2[[ChromeDriver: chrome on WINDOWS (3dbb5118c5c79e71b47ad01235eefd2d)] -> xpath: //td[@class='quantity']/input]]]>
            </line>
            <line>
              <![CDATA[ update shopping cart [[ChromeDriver: chrome on WINDOWS (3dbb5118c5c79e71b47ad01235eefd2d)] -> id: updatecart]]]>
            </line>
            <line>
              <![CDATA[Total price $2,950.00 [[ChromeDriver: chrome on WINDOWS (3dbb5118c5c79e71b47ad01235eefd2d)] -> xpath: //tr[@class='order-total']/td[2]/span/strong]]]>
            </line>
            <line>
              <![CDATA[click on terms and condition [[ChromeDriver: chrome on WINDOWS (3dbb5118c5c79e71b47ad01235eefd2d)] -> id: termsofservice]]]>
            </line>
            <line>
              <![CDATA[click on checkout  [[ChromeDriver: chrome on WINDOWS (3dbb5118c5c79e71b47ad01235eefd2d)] -> id: checkout]]]>
            </line>
            <line>
              <![CDATA[verify welcome text on page[[ChromeDriver: chrome on WINDOWS (3dbb5118c5c79e71b47ad01235eefd2d)] -> xpath: //h1[contains(text(),'Welcome, Please Sign In!')]]]]>
            </line>
            <line>
              <![CDATA[click on checkout guest button[[ChromeDriver: chrome on WINDOWS (3dbb5118c5c79e71b47ad01235eefd2d)] -> xpath: //button[contains(text(),'Checkout as Guest')]]]]>
            </line>
            <line>
              <![CDATA[first name jenna[[ChromeDriver: chrome on WINDOWS (3dbb5118c5c79e71b47ad01235eefd2d)] -> id: BillingNewAddress_FirstName]]]>
            </line>
            <line>
              <![CDATA[last name munim[[ChromeDriver: chrome on WINDOWS (3dbb5118c5c79e71b47ad01235eefd2d)] -> id: BillingNewAddress_LastName]]]>
            </line>
            <line>
              <![CDATA[Email ID is jenumun12@gmail.com[[ChromeDriver: chrome on WINDOWS (3dbb5118c5c79e71b47ad01235eefd2d)] -> id: BillingNewAddress_Email]]]>
            </line>
            <line>
              <![CDATA[Country name is  United States[[ChromeDriver: chrome on WINDOWS (3dbb5118c5c79e71b47ad01235eefd2d)] -> id: BillingNewAddress_CountryId]]]>
            </line>
            <line>
              <![CDATA[State name is  Alaska[[ChromeDriver: chrome on WINDOWS (3dbb5118c5c79e71b47ad01235eefd2d)] -> id: BillingNewAddress_StateProvinceId]]]>
            </line>
            <line>
              <![CDATA[ City name is  naple[[ChromeDriver: chrome on WINDOWS (3dbb5118c5c79e71b47ad01235eefd2d)] -> id: BillingNewAddress_City]]]>
            </line>
            <line>
              <![CDATA[Address 1 is  123 cordin view[[ChromeDriver: chrome on WINDOWS (3dbb5118c5c79e71b47ad01235eefd2d)] -> id: BillingNewAddress_Address1]]]>
            </line>
            <line>
              <![CDATA[Zip code is 1528[[ChromeDriver: chrome on WINDOWS (3dbb5118c5c79e71b47ad01235eefd2d)] -> id: BillingNewAddress_ZipPostalCode]]]>
            </line>
            <line>
              <![CDATA[Phone No is  45829011[[ChromeDriver: chrome on WINDOWS (3dbb5118c5c79e71b47ad01235eefd2d)] -> id: BillingNewAddress_PhoneNumber]]]>
            </line>
            <line>
              <![CDATA[Click on continue[[ChromeDriver: chrome on WINDOWS (3dbb5118c5c79e71b47ad01235eefd2d)] -> xpath: //body/div[6]/div[3]/div[1]/div[1]/div[1]/div[2]/ol[1]/li[1]/div[2]/div[1]/button[4]]]]>
            </line>
            <line>
              <![CDATA[click on next day delivary[[ChromeDriver: chrome on WINDOWS (3dbb5118c5c79e71b47ad01235eefd2d)] -> id: shippingoption_1]]]>
            </line>
            <line>
              <![CDATA[click on countinue tab [[ChromeDriver: chrome on WINDOWS (3dbb5118c5c79e71b47ad01235eefd2d)] -> xpath: //body/div[6]/div[3]/div[1]/div[1]/div[1]/div[2]/ol[1]/li[3]/div[2]/form[1]/div[2]/button[1]]]]>
            </line>
            <line>
              <![CDATA[click on paymentmethod[[ChromeDriver: chrome on WINDOWS (3dbb5118c5c79e71b47ad01235eefd2d)] -> id: paymentmethod_1]]]>
            </line>
            <line>
              <![CDATA[click on continue [[ChromeDriver: chrome on WINDOWS (3dbb5118c5c79e71b47ad01235eefd2d)] -> xpath: //body/div[6]/div[3]/div[1]/div[1]/div[1]/div[2]/ol[1]/li[4]/div[2]/div[1]/button[1]]]]>
            </line>
            <line>
              <![CDATA[mastercard Master cardis selected[[ChromeDriver: chrome on WINDOWS (3dbb5118c5c79e71b47ad01235eefd2d)] -> xpath: //select[@id='CreditCardType']]]]>
            </line>
            <line>
              <![CDATA[Enter name   H.M.zoe[[ChromeDriver: chrome on WINDOWS (3dbb5118c5c79e71b47ad01235eefd2d)] -> xpath: //input[@id='CardholderName']]]]>
            </line>
            <line>
              <![CDATA[Card No is  5555555555554444[[ChromeDriver: chrome on WINDOWS (3dbb5118c5c79e71b47ad01235eefd2d)] -> xpath: //input[@id='CardNumber']]]]>
            </line>
            <line>
              <![CDATA[Enter Month is  01[[ChromeDriver: chrome on WINDOWS (3dbb5118c5c79e71b47ad01235eefd2d)] -> xpath: //select[@id='ExpireMonth']]]]>
            </line>
            <line>
              <![CDATA[Enter year is  2025[[ChromeDriver: chrome on WINDOWS (3dbb5118c5c79e71b47ad01235eefd2d)] -> xpath: //select[@id='ExpireYear']]]]>
            </line>
            <line>
              <![CDATA[Enter card code is  123[[ChromeDriver: chrome on WINDOWS (3dbb5118c5c79e71b47ad01235eefd2d)] -> xpath: //input[@id='CardCode']]]]>
            </line>
            <line>
              <![CDATA[click on continue [[ChromeDriver: chrome on WINDOWS (3dbb5118c5c79e71b47ad01235eefd2d)] -> xpath: //body/div[6]/div[3]/div[1]/div[1]/div[1]/div[2]/ol[1]/li[5]/div[2]/div[1]/button[1]]]]>
            </line>
            <line>
              <![CDATA[verify payment method is credit card [[ChromeDriver: chrome on WINDOWS (3dbb5118c5c79e71b47ad01235eefd2d)] -> xpath: //span[contains(text(),'Credit Card')]]]]>
            </line>
            <line>
              <![CDATA[verify Shipping method is next day delivary[[ChromeDriver: chrome on WINDOWS (3dbb5118c5c79e71b47ad01235eefd2d)] -> xpath: //div[@class='order-summary-content']/div/div[2]/div[2]/ul/li/span[2]]]]>
            </line>
            <line>
              <![CDATA[verify Total is $2950[[ChromeDriver: chrome on WINDOWS (3dbb5118c5c79e71b47ad01235eefd2d)] -> xpath: //tr[@class='order-total']/td[2]/span]]]>
            </line>
            <line>
              <![CDATA[click on continue [[ChromeDriver: chrome on WINDOWS (3dbb5118c5c79e71b47ad01235eefd2d)] -> xpath: //button[contains(text(),'Confirm')]]]]>
            </line>
            <line>
              <![CDATA[verify text Thank You [[ChromeDriver: chrome on WINDOWS (3dbb5118c5c79e71b47ad01235eefd2d)] -> xpath: //h1[contains(text(),'Thank you')]]]]>
            </line>
            <line>
              <![CDATA[Your order has been successfully processed![[ChromeDriver: chrome on WINDOWS (3dbb5118c5c79e71b47ad01235eefd2d)] -> xpath: //strong[contains(text(),'Your order has been successfully processed!')]]]]>
            </line>
            <line>
              <![CDATA[click on continue [[ChromeDriver: chrome on WINDOWS (3dbb5118c5c79e71b47ad01235eefd2d)] -> xpath: //button[contains(text(),'Continue')]]]]>
            </line>
            <line>
              <![CDATA[welcome to our store[[ChromeDriver: chrome on WINDOWS (3dbb5118c5c79e71b47ad01235eefd2d)] -> xpath: //h2[contains(text(),'Welcome to our store')]]]]>
            </line>
            <line>
              <![CDATA[Click to see screenshot]]>
            </line>
            <line>
              <![CDATA[<a target = "_blank" href=C:\Users\hvtha\page-factory-nop-commerce-proj5/test-output/html/verifyProductAddedToShoppingCartSuccessFullyTue_Dec_13_17_07_11_GMT_2022.jpg>Screenshot</a>]]>
            </line>
            <line>
              <![CDATA[<br>]]>
            </line>
            <line>
              <![CDATA[<br>]]>
            </line>
            <line>
              <![CDATA[<a target = "_blank" href=C:\Users\hvtha\page-factory-nop-commerce-proj5/test-output/html/verifyProductAddedToShoppingCartSuccessFullyTue_Dec_13_17_07_11_GMT_2022.jpg><img src=C:\Users\hvtha\page-factory-nop-commerce-proj5/test-output/html/verifyProductAddedToShoppingCartSuccessFullyTue_Dec_13_17_07_11_GMT_2022.jpg height=200 width=200></img></a>]]>
            </line>
          </reporter-output>
        </test-method> <!-- verifyProductAddedToShoppingCartSuccessFully -->
        <test-method status="PASS" signature="tearDown()[pri:0, instance:com.nopcommerce.demo.testsuite.DesktopPageTest@543788f3]" name="tearDown" is-config="true" duration-ms="0" started-at="2022-12-13T17:07:11 GMT" finished-at="2022-12-13T17:07:11 GMT">
          <reporter-output>
          </reporter-output>
        </test-method> <!-- tearDown -->
        <test-method status="PASS" signature="setUp()[pri:0, instance:com.nopcommerce.demo.testsuite.DesktopPageTest@543788f3]" name="setUp" is-config="true" duration-ms="3235" started-at="2022-12-13T17:07:11 GMT" finished-at="2022-12-13T17:07:14 GMT">
          <reporter-output>
          </reporter-output>
        </test-method> <!-- setUp -->
        <test-method status="PASS" signature="objectMethod()[pri:0, instance:com.nopcommerce.demo.testsuite.DesktopPageTest@543788f3]" name="objectMethod" is-config="true" duration-ms="5" started-at="2022-12-13T17:07:14 GMT" finished-at="2022-12-13T17:07:14 GMT">
          <reporter-output>
          </reporter-output>
        </test-method> <!-- objectMethod -->
        <test-method status="PASS" signature="verifyProductArrangeInAlphaBaticalOrder()[pri:0, instance:com.nopcommerce.demo.testsuite.DesktopPageTest@543788f3]" name="verifyProductArrangeInAlphaBaticalOrder" duration-ms="1303" started-at="2022-12-13T17:07:14 GMT" finished-at="2022-12-13T17:07:15 GMT">
          <reporter-output>
            <line>
              <![CDATA[click on Computer Menu[[ChromeDriver: chrome on WINDOWS (d0fad0dc508ae841c752c11169687fc0)] -> xpath: //body/div[6]/div[2]/ul[1]/li[1]/a[1]]]]>
            </line>
            <line>
              <![CDATA[click on Desktop[[ChromeDriver: chrome on WINDOWS (d0fad0dc508ae841c752c11169687fc0)] -> xpath: //body/div[6]/div[2]/ul[1]/li[1]/ul[1]/li[1]/a[1]]]]>
            </line>
            <line>
              <![CDATA[click on name Z to A[[ChromeDriver: chrome on WINDOWS (d0fad0dc508ae841c752c11169687fc0)] -> id: products-orderby]]]>
            </line>
            <line>
              <![CDATA[Click to see screenshot]]>
            </line>
            <line>
              <![CDATA[<a target = "_blank" href=C:\Users\hvtha\page-factory-nop-commerce-proj5/test-output/html/verifyProductArrangeInAlphaBaticalOrderTue_Dec_13_17_07_16_GMT_2022.jpg>Screenshot</a>]]>
            </line>
            <line>
              <![CDATA[<br>]]>
            </line>
            <line>
              <![CDATA[<br>]]>
            </line>
            <line>
              <![CDATA[<a target = "_blank" href=C:\Users\hvtha\page-factory-nop-commerce-proj5/test-output/html/verifyProductArrangeInAlphaBaticalOrderTue_Dec_13_17_07_16_GMT_2022.jpg><img src=C:\Users\hvtha\page-factory-nop-commerce-proj5/test-output/html/verifyProductArrangeInAlphaBaticalOrderTue_Dec_13_17_07_16_GMT_2022.jpg height=200 width=200></img></a>]]>
            </line>
          </reporter-output>
        </test-method> <!-- verifyProductArrangeInAlphaBaticalOrder -->
        <test-method status="PASS" signature="tearDown()[pri:0, instance:com.nopcommerce.demo.testsuite.DesktopPageTest@543788f3]" name="tearDown" is-config="true" duration-ms="0" started-at="2022-12-13T17:07:16 GMT" finished-at="2022-12-13T17:07:16 GMT">
          <reporter-output>
          </reporter-output>
        </test-method> <!-- tearDown -->
      </class> <!-- com.nopcommerce.demo.testsuite.DesktopPageTest -->
      <class name="com.nopcommerce.demo.testsuite.CellPhonePageTest">
        <test-method status="PASS" signature="setUp()[pri:0, instance:com.nopcommerce.demo.testsuite.CellPhonePageTest@4d1b0d2a]" name="setUp" is-config="true" duration-ms="4884" started-at="2022-12-13T17:06:13 GMT" finished-at="2022-12-13T17:06:18 GMT">
          <reporter-output>
          </reporter-output>
        </test-method> <!-- setUp -->
        <test-method status="PASS" signature="objectMethod()[pri:0, instance:com.nopcommerce.demo.testsuite.CellPhonePageTest@4d1b0d2a]" name="objectMethod" is-config="true" duration-ms="108" started-at="2022-12-13T17:06:18 GMT" finished-at="2022-12-13T17:06:18 GMT">
          <reporter-output>
          </reporter-output>
        </test-method> <!-- objectMethod -->
        <test-method status="PASS" signature="verifyThatTheProductAddedSuccessfullyAndPlaceOrderSuccessfully()[pri:0, instance:com.nopcommerce.demo.testsuite.CellPhonePageTest@4d1b0d2a]" name="verifyThatTheProductAddedSuccessfullyAndPlaceOrderSuccessfully" duration-ms="21878" started-at="2022-12-13T17:06:18 GMT" finished-at="2022-12-13T17:06:40 GMT">
          <reporter-output>
            <line>
              <![CDATA[on Electronics tab[[ChromeDriver: chrome on WINDOWS (3aa695e170accbff6734dcb8ac7ead97)] -> xpath: //body/div[6]/div[2]/ul[1]/li[2]/a[1]]]]>
            </line>
            <line>
              <![CDATA[click on Cell Phone[[ChromeDriver: chrome on WINDOWS (3aa695e170accbff6734dcb8ac7ead97)] -> xpath: //body/div[6]/div[2]/ul[1]/li[2]/ul[1]/li[2]/a[1]]]]>
            </line>
            <line>
              <![CDATA[verify text Cell Phone[[ChromeDriver: chrome on WINDOWS (3aa695e170accbff6734dcb8ac7ead97)] -> xpath: //h1[contains(text(),'Cell phones')]]]]>
            </line>
            <line>
              <![CDATA[clikc on listview of cellphone[[ChromeDriver: chrome on WINDOWS (3aa695e170accbff6734dcb8ac7ead97)] -> xpath: //a[contains(text(),'List')]]]]>
            </line>
            <line>
              <![CDATA[click on nokia lumia product[[ChromeDriver: chrome on WINDOWS (3aa695e170accbff6734dcb8ac7ead97)] -> xpath: //body/div[6]/div[3]/div[1]/div[3]/div[1]/div[2]/div[2]/div[2]/div[1]/div[1]/div[3]/div[1]/div[2]/h2[1]/a[1]]]]>
            </line>
            <line>
              <![CDATA[verifying product price of  nokia lumia product[[ChromeDriver: chrome on WINDOWS (3aa695e170accbff6734dcb8ac7ead97)] -> xpath: //span[@id='price-value-20']]]]>
            </line>
            <line>
              <![CDATA[changing Quantity of product2for[[ChromeDriver: chrome on WINDOWS (3aa695e170accbff6734dcb8ac7ead97)] -> xpath: //body/div[6]/div[3]/div[1]/div[3]/div[1]/div[2]/div[2]/div[2]/div[1]/div[1]/div[3]/div[1]/div[2]/h2[1]/a[1]]]]>
            </line>
            <line>
              <![CDATA[click on add to cart[[ChromeDriver: chrome on WINDOWS (3aa695e170accbff6734dcb8ac7ead97)] -> xpath: //button[@id='add-to-cart-button-20']]]]>
            </line>
            <line>
              <![CDATA[verify massage product add to cart[[ChromeDriver: chrome on WINDOWS (3aa695e170accbff6734dcb8ac7ead97)] -> xpath: //body/div[@id='bar-notification']/div[1]/p[1]]]]>
            </line>
            <line>
              <![CDATA[click on cross button[[ChromeDriver: chrome on WINDOWS (3aa695e170accbff6734dcb8ac7ead97)] -> xpath: //body/div[@id='bar-notification']/div[1]/span[1]]]]>
            </line>
            <line>
              <![CDATA[mousehoover to shopping cart[[ChromeDriver: chrome on WINDOWS (3aa695e170accbff6734dcb8ac7ead97)] -> xpath: //span[contains(text(),'Shopping cart')]]]]>
            </line>
            <line>
              <![CDATA[click on go to cart[[ChromeDriver: chrome on WINDOWS (3aa695e170accbff6734dcb8ac7ead97)] -> xpath: //button[contains(text(),'Go to cart')]]]]>
            </line>
            <line>
              <![CDATA[verify text ShoppingCart[[ChromeDriver: chrome on WINDOWS (3aa695e170accbff6734dcb8ac7ead97)] -> xpath: //h1[contains(text(),'Shopping cart')]]]]>
            </line>
            <line>
              <![CDATA[click on terms and condition [[ChromeDriver: chrome on WINDOWS (3aa695e170accbff6734dcb8ac7ead97)] -> id: termsofservice]]]>
            </line>
            <line>
              <![CDATA[click on checkout  [[ChromeDriver: chrome on WINDOWS (3aa695e170accbff6734dcb8ac7ead97)] -> id: checkout]]]>
            </line>
            <line>
              <![CDATA[verify welcome text on page[[ChromeDriver: chrome on WINDOWS (3aa695e170accbff6734dcb8ac7ead97)] -> xpath: //h1[contains(text(),'Welcome, Please Sign In!')]]]]>
            </line>
            <line>
              <![CDATA[click on register button[[ChromeDriver: chrome on WINDOWS (3aa695e170accbff6734dcb8ac7ead97)] -> xpath: //button[contains(text(),'Register')]]]]>
            </line>
            <line>
              <![CDATA[first name Siddh[[ChromeDriver: chrome on WINDOWS (3aa695e170accbff6734dcb8ac7ead97)] -> id: FirstName]]]>
            </line>
            <line>
              <![CDATA[Last name thak[[ChromeDriver: chrome on WINDOWS (3aa695e170accbff6734dcb8ac7ead97)] -> id: LastName]]]>
            </line>
            <line>
              <![CDATA[Email is siddh.thakker[[ChromeDriver: chrome on WINDOWS (3aa695e170accbff6734dcb8ac7ead97)] -> id: Email]]]>
            </line>
            <line>
              <![CDATA[Password is  siddhthak12[[ChromeDriver: chrome on WINDOWS (3aa695e170accbff6734dcb8ac7ead97)] -> id: Password]]]>
            </line>
            <line>
              <![CDATA[Confirm password is  siddhthak12[[ChromeDriver: chrome on WINDOWS (3aa695e170accbff6734dcb8ac7ead97)] -> xpath: //input[@id='ConfirmPassword']]]]>
            </line>
            <line>
              <![CDATA[click on Register [[ChromeDriver: chrome on WINDOWS (3aa695e170accbff6734dcb8ac7ead97)] -> xpath: //button[@id='register-button']]]]>
            </line>
            <line>
              <![CDATA[Your registration completed [[ChromeDriver: chrome on WINDOWS (3aa695e170accbff6734dcb8ac7ead97)] -> xpath: //div[contains(text(),'Your registration completed')]]]]>
            </line>
            <line>
              <![CDATA[click on continue [[ChromeDriver: chrome on WINDOWS (3aa695e170accbff6734dcb8ac7ead97)] -> xpath: //a[contains(text(),'Continue')]]]]>
            </line>
            <line>
              <![CDATA[click on terms and condition [[ChromeDriver: chrome on WINDOWS (3aa695e170accbff6734dcb8ac7ead97)] -> id: termsofservice]]]>
            </line>
            <line>
              <![CDATA[click on checkout  [[ChromeDriver: chrome on WINDOWS (3aa695e170accbff6734dcb8ac7ead97)] -> id: checkout]]]>
            </line>
            <line>
              <![CDATA[first name Siddh[[ChromeDriver: chrome on WINDOWS (3aa695e170accbff6734dcb8ac7ead97)] -> id: BillingNewAddress_FirstName]]]>
            </line>
            <line>
              <![CDATA[last name thak[[ChromeDriver: chrome on WINDOWS (3aa695e170accbff6734dcb8ac7ead97)] -> id: BillingNewAddress_LastName]]]>
            </line>
            <line>
              <![CDATA[Country name is  United States[[ChromeDriver: chrome on WINDOWS (3aa695e170accbff6734dcb8ac7ead97)] -> id: BillingNewAddress_CountryId]]]>
            </line>
            <line>
              <![CDATA[State name is  Alaska[[ChromeDriver: chrome on WINDOWS (3aa695e170accbff6734dcb8ac7ead97)] -> id: BillingNewAddress_StateProvinceId]]]>
            </line>
            <line>
              <![CDATA[ City name is  naple[[ChromeDriver: chrome on WINDOWS (3aa695e170accbff6734dcb8ac7ead97)] -> id: BillingNewAddress_City]]]>
            </line>
            <line>
              <![CDATA[Address 1 is  123 cordin view[[ChromeDriver: chrome on WINDOWS (3aa695e170accbff6734dcb8ac7ead97)] -> id: BillingNewAddress_Address1]]]>
            </line>
            <line>
              <![CDATA[Zip code is 1528[[ChromeDriver: chrome on WINDOWS (3aa695e170accbff6734dcb8ac7ead97)] -> id: BillingNewAddress_ZipPostalCode]]]>
            </line>
            <line>
              <![CDATA[Phone No is  45829011[[ChromeDriver: chrome on WINDOWS (3aa695e170accbff6734dcb8ac7ead97)] -> id: BillingNewAddress_PhoneNumber]]]>
            </line>
            <line>
              <![CDATA[Click on continue[[ChromeDriver: chrome on WINDOWS (3aa695e170accbff6734dcb8ac7ead97)] -> xpath: //body/div[6]/div[3]/div[1]/div[1]/div[1]/div[2]/ol[1]/li[1]/div[2]/div[1]/button[4]]]]>
            </line>
            <line>
              <![CDATA[click on 2nd day option[[ChromeDriver: chrome on WINDOWS (3aa695e170accbff6734dcb8ac7ead97)] -> css selector: #shippingoption_2]]]>
            </line>
            <line>
              <![CDATA[click on countinue tab [[ChromeDriver: chrome on WINDOWS (3aa695e170accbff6734dcb8ac7ead97)] -> xpath: //body/div[6]/div[3]/div[1]/div[1]/div[1]/div[2]/ol[1]/li[3]/div[2]/form[1]/div[2]/button[1]]]]>
            </line>
            <line>
              <![CDATA[click on paymentmethod[[ChromeDriver: chrome on WINDOWS (3aa695e170accbff6734dcb8ac7ead97)] -> id: paymentmethod_1]]]>
            </line>
            <line>
              <![CDATA[click on continue [[ChromeDriver: chrome on WINDOWS (3aa695e170accbff6734dcb8ac7ead97)] -> xpath: //body/div[6]/div[3]/div[1]/div[1]/div[1]/div[2]/ol[1]/li[4]/div[2]/div[1]/button[1]]]]>
            </line>
            <line>
              <![CDATA[mastercard Visais selected[[ChromeDriver: chrome on WINDOWS (3aa695e170accbff6734dcb8ac7ead97)] -> xpath: //select[@id='CreditCardType']]]]>
            </line>
            <line>
              <![CDATA[Enter name   H.M.zoe[[ChromeDriver: chrome on WINDOWS (3aa695e170accbff6734dcb8ac7ead97)] -> xpath: //input[@id='CardholderName']]]]>
            </line>
            <line>
              <![CDATA[Card No is  4111111111111111[[ChromeDriver: chrome on WINDOWS (3aa695e170accbff6734dcb8ac7ead97)] -> xpath: //input[@id='CardNumber']]]]>
            </line>
            <line>
              <![CDATA[Enter Month is  01[[ChromeDriver: chrome on WINDOWS (3aa695e170accbff6734dcb8ac7ead97)] -> xpath: //select[@id='ExpireMonth']]]]>
            </line>
            <line>
              <![CDATA[Enter year is  2025[[ChromeDriver: chrome on WINDOWS (3aa695e170accbff6734dcb8ac7ead97)] -> xpath: //select[@id='ExpireYear']]]]>
            </line>
            <line>
              <![CDATA[Enter card code is  123[[ChromeDriver: chrome on WINDOWS (3aa695e170accbff6734dcb8ac7ead97)] -> xpath: //input[@id='CardCode']]]]>
            </line>
            <line>
              <![CDATA[click on continue [[ChromeDriver: chrome on WINDOWS (3aa695e170accbff6734dcb8ac7ead97)] -> xpath: //body/div[6]/div[3]/div[1]/div[1]/div[1]/div[2]/ol[1]/li[5]/div[2]/div[1]/button[1]]]]>
            </line>
            <line>
              <![CDATA[verify payment method is credit card [[ChromeDriver: chrome on WINDOWS (3aa695e170accbff6734dcb8ac7ead97)] -> xpath: //span[contains(text(),'Credit Card')]]]]>
            </line>
            <line>
              <![CDATA[verify shipping method is 2nd day [[ChromeDriver: chrome on WINDOWS (3aa695e170accbff6734dcb8ac7ead97)] -> xpath: //body/div[6]/div[3]/div[1]/div[1]/div[1]/div[2]/ol[1]/li[6]/div[2]/div[1]/div[1]/div[1]/div[1]/div[1]/div[2]/div[2]/ul[1]/li[1]/span[2]]]]>
            </line>
            <line>
              <![CDATA[Total price $698 [[ChromeDriver: chrome on WINDOWS (3aa695e170accbff6734dcb8ac7ead97)] -> xpath: //tr[@class='order-total']/td[2]/span]]]>
            </line>
            <line>
              <![CDATA[click on continue [[ChromeDriver: chrome on WINDOWS (3aa695e170accbff6734dcb8ac7ead97)] -> xpath: //button[contains(text(),'Confirm')]]]]>
            </line>
            <line>
              <![CDATA[verify text Thank You [[ChromeDriver: chrome on WINDOWS (3aa695e170accbff6734dcb8ac7ead97)] -> xpath: //h1[contains(text(),'Thank you')]]]]>
            </line>
            <line>
              <![CDATA[Your order has been successfully processed![[ChromeDriver: chrome on WINDOWS (3aa695e170accbff6734dcb8ac7ead97)] -> xpath: //strong[contains(text(),'Your order has been successfully processed!')]]]]>
            </line>
            <line>
              <![CDATA[click on continue [[ChromeDriver: chrome on WINDOWS (3aa695e170accbff6734dcb8ac7ead97)] -> xpath: //button[contains(text(),'Continue')]]]]>
            </line>
            <line>
              <![CDATA[welcome to our store[[ChromeDriver: chrome on WINDOWS (3aa695e170accbff6734dcb8ac7ead97)] -> xpath: //h2[contains(text(),'Welcome to our store')]]]]>
            </line>
            <line>
              <![CDATA[click on log out [[ChromeDriver: chrome on WINDOWS (3aa695e170accbff6734dcb8ac7ead97)] -> xpath: //a[contains(text(),'Log out')]]]]>
            </line>
            <line>
              <![CDATA[Click to see screenshot]]>
            </line>
            <line>
              <![CDATA[<a target = "_blank" href=C:\Users\hvtha\page-factory-nop-commerce-proj5/test-output/html/verifyThatTheProductAddedSuccessfullyAndPlaceOrderSuccessfullyTue_Dec_13_17_06_40_GMT_2022.jpg>Screenshot</a>]]>
            </line>
            <line>
              <![CDATA[<br>]]>
            </line>
            <line>
              <![CDATA[<br>]]>
            </line>
            <line>
              <![CDATA[<a target = "_blank" href=C:\Users\hvtha\page-factory-nop-commerce-proj5/test-output/html/verifyThatTheProductAddedSuccessfullyAndPlaceOrderSuccessfullyTue_Dec_13_17_06_40_GMT_2022.jpg><img src=C:\Users\hvtha\page-factory-nop-commerce-proj5/test-output/html/verifyThatTheProductAddedSuccessfullyAndPlaceOrderSuccessfullyTue_Dec_13_17_06_40_GMT_2022.jpg height=200 width=200></img></a>]]>
            </line>
          </reporter-output>
        </test-method> <!-- verifyThatTheProductAddedSuccessfullyAndPlaceOrderSuccessfully -->
        <test-method status="PASS" signature="tearDown()[pri:0, instance:com.nopcommerce.demo.testsuite.CellPhonePageTest@4d1b0d2a]" name="tearDown" is-config="true" duration-ms="0" started-at="2022-12-13T17:06:40 GMT" finished-at="2022-12-13T17:06:40 GMT">
          <reporter-output>
          </reporter-output>
        </test-method> <!-- tearDown -->
      </class> <!-- com.nopcommerce.demo.testsuite.CellPhonePageTest -->
    </test> <!-- regression Test -->
  </suite> <!-- regressionSuite -->
</testng-results>
